[debug] [2021-12-19T21:17:09.067Z] ----------------------------------------------------------------------
[debug] [2021-12-19T21:17:09.069Z] Command:       C:\Program Files\nodejs\node.exe C:\Users\popco\AppData\Roaming\npm\node_modules\firebase-tools\lib\bin\firebase.js emulators:start
[debug] [2021-12-19T21:17:09.070Z] CLI Version:   9.23.0
[debug] [2021-12-19T21:17:09.070Z] Platform:      win32
[debug] [2021-12-19T21:17:09.070Z] Node Version:  v14.18.0
[debug] [2021-12-19T21:17:09.070Z] Time:          Sun Dec 19 2021 15:17:09 GMT-0600 (Central Standard Time)
[debug] [2021-12-19T21:17:09.071Z] ----------------------------------------------------------------------
[debug] 
[debug] [2021-12-19T21:17:09.118Z] > command requires scopes: ["email","openid","https://www.googleapis.com/auth/cloudplatformprojects.readonly","https://www.googleapis.com/auth/firebase","https://www.googleapis.com/auth/cloud-platform"]
[debug] [2021-12-19T21:17:09.118Z] > authorizing via signed-in user (bobby@madnesslabs.net)
[info] i  emulators: Starting emulators: auth, functions, firestore, hosting, storage {"metadata":{"emulator":{"name":"hub"},"message":"Starting emulators: auth, functions, firestore, hosting, storage"}}
[debug] [2021-12-19T21:17:09.138Z] [hub] writing locator at C:\Users\popco\AppData\Local\Temp\hub-madness-club.json
[warn] !  functions: The following emulators are not running, calls to these services from the Functions emulator will affect production: database, pubsub {"metadata":{"emulator":{"name":"functions"},"message":"The following emulators are not running, calls to these services from the Functions emulator will affect production: \u001b[1mdatabase, pubsub\u001b[22m"}}
[info] +  functions: Using node@14 from host. {"metadata":{"emulator":{"name":"functions"},"message":"Using node@14 from host."}}
[debug] [2021-12-19T21:17:09.167Z] defaultcredentials: writing to file C:\Users\popco\AppData\Roaming\firebase\bobby_madnesslabs_net_application_default_credentials.json
[debug] [2021-12-19T21:17:09.170Z] Setting GAC to C:\Users\popco\AppData\Roaming\firebase\bobby_madnesslabs_net_application_default_credentials.json {"metadata":{"emulator":{"name":"functions"},"message":"Setting GAC to C:\\Users\\popco\\AppData\\Roaming\\firebase\\bobby_madnesslabs_net_application_default_credentials.json"}}
[debug] [2021-12-19T21:17:09.172Z] >>> [apiv2][query] GET https://firebase.googleapis.com/v1beta1/projects/madness-club/adminSdkConfig [none]
[debug] [2021-12-19T21:17:09.412Z] <<< [apiv2][status] GET https://firebase.googleapis.com/v1beta1/projects/madness-club/adminSdkConfig 200
[debug] [2021-12-19T21:17:09.412Z] <<< [apiv2][body] GET https://firebase.googleapis.com/v1beta1/projects/madness-club/adminSdkConfig {"projectId":"madness-club","storageBucket":"madness-club.appspot.com","locationId":"us-central"}
[debug] [2021-12-19T21:17:09.435Z] Ignoring unsupported arg: projectId {"metadata":{"emulator":{"name":"firestore"},"message":"Ignoring unsupported arg: projectId"}}
[debug] [2021-12-19T21:17:09.436Z] Ignoring unsupported arg: auto_download {"metadata":{"emulator":{"name":"firestore"},"message":"Ignoring unsupported arg: auto_download"}}
[debug] [2021-12-19T21:17:09.436Z] Starting Firestore Emulator with command {"binary":"java","args":["-Dgoogle.cloud_firestore.debug_log_level=FINE","-Duser.language=en","-jar","C:\\Users\\popco\\.cache\\firebase\\emulators\\cloud-firestore-emulator-v1.13.1.jar","--host","localhost","--port",8080,"--rules","C:\\Users\\popco\\Desktop\\apps\\@madnesslabs\\madnessclub\\firestore.rules","--functions_emulator","localhost:5001"],"optionalArgs":["port","webchannel_port","host","rules","functions_emulator","seed_from_export"],"joinArgs":false} {"metadata":{"emulator":{"name":"firestore"},"message":"Starting Firestore Emulator with command {\"binary\":\"java\",\"args\":[\"-Dgoogle.cloud_firestore.debug_log_level=FINE\",\"-Duser.language=en\",\"-jar\",\"C:\\\\Users\\\\popco\\\\.cache\\\\firebase\\\\emulators\\\\cloud-firestore-emulator-v1.13.1.jar\",\"--host\",\"localhost\",\"--port\",8080,\"--rules\",\"C:\\\\Users\\\\popco\\\\Desktop\\\\apps\\\\@madnesslabs\\\\madnessclub\\\\firestore.rules\",\"--functions_emulator\",\"localhost:5001\"],\"optionalArgs\":[\"port\",\"webchannel_port\",\"host\",\"rules\",\"functions_emulator\",\"seed_from_export\"],\"joinArgs\":false}"}}
[info] i  firestore: Firestore Emulator logging to firestore-debug.log {"metadata":{"emulator":{"name":"firestore"},"message":"Firestore Emulator logging to \u001b[1mfirestore-debug.log\u001b[22m"}}
[debug] [2021-12-19T21:17:13.927Z] Ignoring unsupported arg: port {"metadata":{"emulator":{"name":"storage"},"message":"Ignoring unsupported arg: port"}}
[debug] [2021-12-19T21:17:14.133Z] Temp file directory for storage emulator: C:\Users\popco\AppData\Local\Temp/firebase/storage/blobs {"metadata":{"emulator":{"name":"storage"},"message":"Temp file directory for storage emulator: C:\\Users\\popco\\AppData\\Local\\Temp/firebase/storage/blobs"}}
[debug] [2021-12-19T21:17:14.667Z] >>> [apiv2][query] GET https://firebasehosting.googleapis.com/v1beta1/projects/madness-club/sites 
[debug] [2021-12-19T21:17:14.919Z] <<< [apiv2][status] GET https://firebasehosting.googleapis.com/v1beta1/projects/madness-club/sites 200
[debug] [2021-12-19T21:17:14.919Z] <<< [apiv2][body] GET https://firebasehosting.googleapis.com/v1beta1/projects/madness-club/sites {"sites":[{"name":"projects/875566401678/sites/madness-club","defaultUrl":"https://madness-club.web.app","appId":"1:875566401678:web:3c68d3af2ab003df01e1df","type":"DEFAULT_SITE"}]}
[debug] [2021-12-19T21:17:14.919Z] >>> [apiv2][query] GET https://firebase.googleapis.com/v1beta1/projects/madness-club/webApps/1:875566401678:web:3c68d3af2ab003df01e1df/config [none]
[debug] [2021-12-19T21:17:15.212Z] <<< [apiv2][status] GET https://firebase.googleapis.com/v1beta1/projects/madness-club/webApps/1:875566401678:web:3c68d3af2ab003df01e1df/config 200
[debug] [2021-12-19T21:17:15.212Z] <<< [apiv2][body] GET https://firebase.googleapis.com/v1beta1/projects/madness-club/webApps/1:875566401678:web:3c68d3af2ab003df01e1df/config {"projectId":"madness-club","appId":"1:875566401678:web:3c68d3af2ab003df01e1df","storageBucket":"madness-club.appspot.com","locationId":"us-central","apiKey":"AIzaSyDBBrd_7ADcgZ4oaubnENC_d303MePtYLM","authDomain":"madness-club.firebaseapp.com","messagingSenderId":"875566401678","measurementId":"G-K5X85CQLHL"}
[info] i  hosting: Serving hosting files from: www {"metadata":{"emulator":{"name":"hosting"},"message":"Serving hosting files from: \u001b[1mwww\u001b[22m"}}
[info] +  hosting: Local server: http://localhost:5000 {"metadata":{"emulator":{"name":"hosting"},"message":"Local server: \u001b[4m\u001b[1mhttp://localhost:5000\u001b[22m\u001b[24m"}}
[debug] [2021-12-19T21:17:15.245Z] Ignoring unsupported arg: auto_download {"metadata":{"emulator":{"name":"ui"},"message":"Ignoring unsupported arg: auto_download"}}
[debug] [2021-12-19T21:17:15.245Z] Ignoring unsupported arg: port {"metadata":{"emulator":{"name":"ui"},"message":"Ignoring unsupported arg: port"}}
[debug] [2021-12-19T21:17:15.245Z] Starting Emulator UI with command {"binary":"node","args":["C:\\Users\\popco\\.cache\\firebase\\emulators\\ui-v1.6.4\\server.bundle.js"],"optionalArgs":[],"joinArgs":false} {"metadata":{"emulator":{"name":"ui"},"message":"Starting Emulator UI with command {\"binary\":\"node\",\"args\":[\"C:\\\\Users\\\\popco\\\\.cache\\\\firebase\\\\emulators\\\\ui-v1.6.4\\\\server.bundle.js\"],\"optionalArgs\":[],\"joinArgs\":false}"}}
[info] i  ui: Emulator UI logging to ui-debug.log {"metadata":{"emulator":{"name":"ui"},"message":"Emulator UI logging to \u001b[1mui-debug.log\u001b[22m"}}
[debug] [2021-12-19T21:17:15.357Z] Web / API server started at localhost:4000
 {"metadata":{"emulator":{"name":"ui"},"message":"Web / API server started at localhost:4000\n"}}
[info] i  functions: Watching "C:\Users\popco\Desktop\apps\@madnesslabs\madnessclub\functions" for Cloud Functions... {"metadata":{"emulator":{"name":"functions"},"message":"Watching \"C:\\Users\\popco\\Desktop\\apps\\@madnesslabs\\madnessclub\\functions\" for Cloud Functions..."}}
[debug] [2021-12-19T21:17:15.534Z] [worker-pool] addWorker(~diagnostic~) {"metadata":{"emulator":{"name":"functions"},"message":"[worker-pool] addWorker(~diagnostic~)"}}
[debug] [2021-12-19T21:17:15.534Z] [worker-pool] Adding worker with key ~diagnostic~, total=1 {"metadata":{"emulator":{"name":"functions"},"message":"[worker-pool] Adding worker with key ~diagnostic~, total=1"}}
[debug] [2021-12-19T21:17:15.534Z] [worker-pool] submitWork(triggerId=) {"metadata":{"emulator":{"name":"functions"},"message":"[worker-pool] submitWork(triggerId=)"}}
[debug] [2021-12-19T21:17:15.534Z] [worker-~diagnostic~-103fdff8-13e5-4748-ba69-7cd6847effee]: Assigning socketPath: \\?\pipe\C:\Users\popco\Desktop\apps\@madnesslabs\madnessclub\functions\180388 {"metadata":{"emulator":{"name":"functions"},"message":"[worker-~diagnostic~-103fdff8-13e5-4748-ba69-7cd6847effee]: Assigning socketPath: \\\\?\\pipe\\C:\\Users\\popco\\Desktop\\apps\\@madnesslabs\\madnessclub\\functions\\180388"}}
[debug] [2021-12-19T21:17:15.535Z] [worker-~diagnostic~-103fdff8-13e5-4748-ba69-7cd6847effee]: BUSY {"metadata":{"emulator":{"name":"functions"},"message":"[worker-~diagnostic~-103fdff8-13e5-4748-ba69-7cd6847effee]: BUSY"}}
[debug] [2021-12-19T21:17:15.754Z] [runtime-status] [180388] Functions runtime initialized. {"cwd":"C:\\Users\\popco\\Desktop\\apps\\@madnesslabs\\madnessclub\\functions","node_version":"14.18.0"} {"metadata":{"emulator":{"name":"functions"},"message":"[runtime-status] [180388] Functions runtime initialized. {\"cwd\":\"C:\\\\Users\\\\popco\\\\Desktop\\\\apps\\\\@madnesslabs\\\\madnessclub\\\\functions\",\"node_version\":\"14.18.0\"}"}}
[debug] [2021-12-19T21:17:15.755Z] [runtime-status] [180388] Disabled runtime features: undefined {"metadata":{"emulator":{"name":"functions"},"message":"[runtime-status] [180388] Disabled runtime features: undefined"}}
[debug] [2021-12-19T21:17:15.758Z] [runtime-status] [180388] Resolved module firebase-admin {"declared":true,"installed":true,"version":"9.12.0","resolution":"C:\\Users\\popco\\Desktop\\apps\\@madnesslabs\\madnessclub\\functions\\node_modules\\firebase-admin\\lib\\index.js"} {"metadata":{"emulator":{"name":"functions"},"message":"[runtime-status] [180388] Resolved module firebase-admin {\"declared\":true,\"installed\":true,\"version\":\"9.12.0\",\"resolution\":\"C:\\\\Users\\\\popco\\\\Desktop\\\\apps\\\\@madnesslabs\\\\madnessclub\\\\functions\\\\node_modules\\\\firebase-admin\\\\lib\\\\index.js\"}"}}
[debug] [2021-12-19T21:17:15.761Z] [runtime-status] [180388] Resolved module firebase-functions {"declared":true,"installed":true,"version":"3.16.0","resolution":"C:\\Users\\popco\\Desktop\\apps\\@madnesslabs\\madnessclub\\functions\\node_modules\\firebase-functions\\lib\\index.js"} {"metadata":{"emulator":{"name":"functions"},"message":"[runtime-status] [180388] Resolved module firebase-functions {\"declared\":true,\"installed\":true,\"version\":\"3.16.0\",\"resolution\":\"C:\\\\Users\\\\popco\\\\Desktop\\\\apps\\\\@madnesslabs\\\\madnessclub\\\\functions\\\\node_modules\\\\firebase-functions\\\\lib\\\\index.js\"}"}}
[debug] [2021-12-19T21:17:15.762Z] [runtime-status] [180388] Outgoing network have been stubbed. [{"name":"http","status":"mocked"},{"name":"http","status":"mocked"},{"name":"https","status":"mocked"},{"name":"https","status":"mocked"},{"name":"net","status":"mocked"}] {"metadata":{"emulator":{"name":"functions"},"message":"[runtime-status] [180388] Outgoing network have been stubbed. [{\"name\":\"http\",\"status\":\"mocked\"},{\"name\":\"http\",\"status\":\"mocked\"},{\"name\":\"https\",\"status\":\"mocked\"},{\"name\":\"https\",\"status\":\"mocked\"},{\"name\":\"net\",\"status\":\"mocked\"}]"}}
[debug] [2021-12-19T21:17:15.763Z] [runtime-status] [180388] Resolved module firebase-functions {"declared":true,"installed":true,"version":"3.16.0","resolution":"C:\\Users\\popco\\Desktop\\apps\\@madnesslabs\\madnessclub\\functions\\node_modules\\firebase-functions\\lib\\index.js"} {"metadata":{"emulator":{"name":"functions"},"message":"[runtime-status] [180388] Resolved module firebase-functions {\"declared\":true,\"installed\":true,\"version\":\"3.16.0\",\"resolution\":\"C:\\\\Users\\\\popco\\\\Desktop\\\\apps\\\\@madnesslabs\\\\madnessclub\\\\functions\\\\node_modules\\\\firebase-functions\\\\lib\\\\index.js\"}"}}
[debug] [2021-12-19T21:17:15.804Z] [runtime-status] [180388] Checked functions.config() {"config":{}} {"metadata":{"emulator":{"name":"functions"},"message":"[runtime-status] [180388] Checked functions.config() {\"config\":{}}"}}
[debug] [2021-12-19T21:17:15.805Z] [runtime-status] [180388] firebase-functions has been stubbed. {"functionsResolution":{"declared":true,"installed":true,"version":"3.16.0","resolution":"C:\\Users\\popco\\Desktop\\apps\\@madnesslabs\\madnessclub\\functions\\node_modules\\firebase-functions\\lib\\index.js"}} {"metadata":{"emulator":{"name":"functions"},"message":"[runtime-status] [180388] firebase-functions has been stubbed. {\"functionsResolution\":{\"declared\":true,\"installed\":true,\"version\":\"3.16.0\",\"resolution\":\"C:\\\\Users\\\\popco\\\\Desktop\\\\apps\\\\@madnesslabs\\\\madnessclub\\\\functions\\\\node_modules\\\\firebase-functions\\\\lib\\\\index.js\"}}"}}
[debug] [2021-12-19T21:17:15.805Z] [runtime-status] [180388] Resolved module firebase-functions {"declared":true,"installed":true,"version":"3.16.0","resolution":"C:\\Users\\popco\\Desktop\\apps\\@madnesslabs\\madnessclub\\functions\\node_modules\\firebase-functions\\lib\\index.js"} {"metadata":{"emulator":{"name":"functions"},"message":"[runtime-status] [180388] Resolved module firebase-functions {\"declared\":true,\"installed\":true,\"version\":\"3.16.0\",\"resolution\":\"C:\\\\Users\\\\popco\\\\Desktop\\\\apps\\\\@madnesslabs\\\\madnessclub\\\\functions\\\\node_modules\\\\firebase-functions\\\\lib\\\\index.js\"}"}}
[debug] [2021-12-19T21:17:15.807Z] [runtime-status] [180388] Resolved module firebase-admin {"declared":true,"installed":true,"version":"9.12.0","resolution":"C:\\Users\\popco\\Desktop\\apps\\@madnesslabs\\madnessclub\\functions\\node_modules\\firebase-admin\\lib\\index.js"} {"metadata":{"emulator":{"name":"functions"},"message":"[runtime-status] [180388] Resolved module firebase-admin {\"declared\":true,\"installed\":true,\"version\":\"9.12.0\",\"resolution\":\"C:\\\\Users\\\\popco\\\\Desktop\\\\apps\\\\@madnesslabs\\\\madnessclub\\\\functions\\\\node_modules\\\\firebase-admin\\\\lib\\\\index.js\"}"}}
[debug] [2021-12-19T21:17:15.808Z] [runtime-status] [180388] Resolved module firebase-functions {"declared":true,"installed":true,"version":"3.16.0","resolution":"C:\\Users\\popco\\Desktop\\apps\\@madnesslabs\\madnessclub\\functions\\node_modules\\firebase-functions\\lib\\index.js"} {"metadata":{"emulator":{"name":"functions"},"message":"[runtime-status] [180388] Resolved module firebase-functions {\"declared\":true,\"installed\":true,\"version\":\"3.16.0\",\"resolution\":\"C:\\\\Users\\\\popco\\\\Desktop\\\\apps\\\\@madnesslabs\\\\madnessclub\\\\functions\\\\node_modules\\\\firebase-functions\\\\lib\\\\index.js\"}"}}
[debug] [2021-12-19T21:17:15.808Z] [runtime-status] [180388] firebase-admin has been stubbed. {"adminResolution":{"declared":true,"installed":true,"version":"9.12.0","resolution":"C:\\Users\\popco\\Desktop\\apps\\@madnesslabs\\madnessclub\\functions\\node_modules\\firebase-admin\\lib\\index.js"}} {"metadata":{"emulator":{"name":"functions"},"message":"[runtime-status] [180388] firebase-admin has been stubbed. {\"adminResolution\":{\"declared\":true,\"installed\":true,\"version\":\"9.12.0\",\"resolution\":\"C:\\\\Users\\\\popco\\\\Desktop\\\\apps\\\\@madnesslabs\\\\madnessclub\\\\functions\\\\node_modules\\\\firebase-admin\\\\lib\\\\index.js\"}}"}}
[info] +  functions[us-central1-connectUserToStripe]: http function initialized (http://localhost:5001/madness-club/us-central1/connectUserToStripe). {"metadata":{"emulator":{"name":"functions"},"message":"\u001b[1mhttp\u001b[22m function initialized (http://localhost:5001/madness-club/us-central1/connectUserToStripe)."}}
[info] 
┌─────────────────────────────────────────────────────────────┐
│ ✔  All emulators ready! It is now safe to connect your app. │
│ i  View Emulator UI at http://localhost:4000                │
└─────────────────────────────────────────────────────────────┘

┌────────────────┬────────────────┬─────────────────────────────────┐
│ Emulator       │ Host:Port      │ View in Emulator UI             │
├────────────────┼────────────────┼─────────────────────────────────┤
│ Authentication │ localhost:9099 │ http://localhost:4000/auth      │
├────────────────┼────────────────┼─────────────────────────────────┤
│ Functions      │ localhost:5001 │ http://localhost:4000/functions │
├────────────────┼────────────────┼─────────────────────────────────┤
│ Firestore      │ localhost:8080 │ http://localhost:4000/firestore │
├────────────────┼────────────────┼─────────────────────────────────┤
│ Hosting        │ localhost:5000 │ n/a                             │
├────────────────┼────────────────┼─────────────────────────────────┤
│ Storage        │ localhost:9199 │ http://localhost:4000/storage   │
└────────────────┴────────────────┴─────────────────────────────────┘
  Emulator Hub running at localhost:4400
  Other reserved ports: 4500

Issues? Report them at https://github.com/firebase/firebase-tools/issues and attach the *-debug.log files.
 
[debug] [2021-12-19T21:17:15.864Z] [worker-~diagnostic~-103fdff8-13e5-4748-ba69-7cd6847effee]: IDLE {"metadata":{"emulator":{"name":"functions"},"message":"[worker-~diagnostic~-103fdff8-13e5-4748-ba69-7cd6847effee]: IDLE"}}
[warn] !  canHandleCodeInApp is unsupported in Auth Emulator. All OOB operations will complete via web. {"metadata":{"emulator":{"name":"auth"},"message":"canHandleCodeInApp is unsupported in Auth Emulator. All OOB operations will complete via web."}}
[info] i  To sign in as bobby@madnesslabs.net, follow this link: http://localhost:9099/emulator/action?mode=signIn&lang=en&oobCode=szIuT1el0eC3bYND587ZrykGBUibXnAkPm7RUpR1wDRSskfYIjkMWf&apiKey=fake-api-key&continueUrl=http%3A%2F%2Flocalhost%3A3333 {"metadata":{"emulator":{"name":"auth"},"message":"To sign in as bobby@madnesslabs.net, follow this link: http://localhost:9099/emulator/action?mode=signIn&lang=en&oobCode=szIuT1el0eC3bYND587ZrykGBUibXnAkPm7RUpR1wDRSskfYIjkMWf&apiKey=fake-api-key&continueUrl=http%3A%2F%2Flocalhost%3A3333"}}
[debug] [2021-12-19T21:17:46.257Z] >>> [apiv2][query] POST http://localhost:5001/functions/projects/madness-club/trigger_multicast [none]
[debug] [2021-12-19T21:17:46.257Z] >>> [apiv2][body] POST http://localhost:5001/functions/projects/madness-club/trigger_multicast {"eventId":"6cffa8e6-1e7a-4521-9a5c-b48fbec7d145","eventType":"providers/firebase.auth/eventTypes/user.create","resource":{"name":"projects/madness-club","service":"firebaseauth.googleapis.com"},"params":{},"timestamp":"2021-12-19T21:17:46.256Z","data":{"uid":"xIWmAGQDcEWLIKVsukHYxLVzIHxl","email":"bobby@madnesslabs.net","emailVerified":true,"metadata":{"creationTime":"1639948666256","lastSignInTime":"1639948666256"},"customClaims":{},"providerData":[{"providerId":"password","email":"bobby@madnesslabs.net","federatedId":"bobby@madnesslabs.net","rawId":"bobby@madnesslabs.net"}]}}
[debug] [2021-12-19T21:17:46.268Z] <<< [apiv2][status] POST http://localhost:5001/functions/projects/madness-club/trigger_multicast 200
[debug] [2021-12-19T21:17:46.268Z] <<< [apiv2][body] POST http://localhost:5001/functions/projects/madness-club/trigger_multicast {"status":"multicast_acknowledged"}
[debug] [2021-12-19T21:18:56.783Z] [work-queue] {"queueLength":1,"workRunningCount":0}
[debug] [2021-12-19T21:18:56.783Z] [work-queue] {"queueLength":0,"workRunningCount":1}
[debug] [2021-12-19T21:18:56.784Z] Accepted request OPTIONS /madness-club/us-central1/connectUserToStripe --> us-central1-connectUserToStripe
[debug] [2021-12-19T21:18:56.791Z] [worker-pool] addWorker(us-central1-connectUserToStripe) {"metadata":{"emulator":{"name":"functions"},"message":"[worker-pool] addWorker(us-central1-connectUserToStripe)"}}
[debug] [2021-12-19T21:18:56.791Z] [worker-pool] Adding worker with key us-central1-connectUserToStripe, total=1 {"metadata":{"emulator":{"name":"functions"},"message":"[worker-pool] Adding worker with key us-central1-connectUserToStripe, total=1"}}
[debug] [2021-12-19T21:18:56.791Z] [worker-pool] submitWork(triggerId=us-central1-connectUserToStripe) {"metadata":{"emulator":{"name":"functions"},"message":"[worker-pool] submitWork(triggerId=us-central1-connectUserToStripe)"}}
[debug] [2021-12-19T21:18:56.792Z] [worker-us-central1-connectUserToStripe-57e85209-a763-47e1-a351-83743a238123]: Assigning socketPath: \\?\pipe\C:\Users\popco\Desktop\apps\@madnesslabs\madnessclub\functions\180468 {"metadata":{"emulator":{"name":"functions"},"message":"[worker-us-central1-connectUserToStripe-57e85209-a763-47e1-a351-83743a238123]: Assigning socketPath: \\\\?\\pipe\\C:\\Users\\popco\\Desktop\\apps\\@madnesslabs\\madnessclub\\functions\\180468"}}
[debug] [2021-12-19T21:18:56.792Z] [worker-us-central1-connectUserToStripe-57e85209-a763-47e1-a351-83743a238123]: BUSY {"metadata":{"emulator":{"name":"functions"},"message":"[worker-us-central1-connectUserToStripe-57e85209-a763-47e1-a351-83743a238123]: BUSY"}}
[debug] [2021-12-19T21:18:57.104Z] [runtime-status] [180468] Functions runtime initialized. {"cwd":"C:\\Users\\popco\\Desktop\\apps\\@madnesslabs\\madnessclub\\functions","node_version":"14.18.0"} {"metadata":{"emulator":{"name":"functions"},"function":{"name":"us-central1-connectUserToStripe"},"message":"[runtime-status] [180468] Functions runtime initialized. {\"cwd\":\"C:\\\\Users\\\\popco\\\\Desktop\\\\apps\\\\@madnesslabs\\\\madnessclub\\\\functions\",\"node_version\":\"14.18.0\"}"}}
[debug] [2021-12-19T21:18:57.106Z] [runtime-status] [180468] Disabled runtime features: undefined {"metadata":{"emulator":{"name":"functions"},"function":{"name":"us-central1-connectUserToStripe"},"message":"[runtime-status] [180468] Disabled runtime features: undefined"}}
[debug] [2021-12-19T21:18:57.108Z] [runtime-status] [180468] Resolved module firebase-admin {"declared":true,"installed":true,"version":"9.12.0","resolution":"C:\\Users\\popco\\Desktop\\apps\\@madnesslabs\\madnessclub\\functions\\node_modules\\firebase-admin\\lib\\index.js"} {"metadata":{"emulator":{"name":"functions"},"function":{"name":"us-central1-connectUserToStripe"},"message":"[runtime-status] [180468] Resolved module firebase-admin {\"declared\":true,\"installed\":true,\"version\":\"9.12.0\",\"resolution\":\"C:\\\\Users\\\\popco\\\\Desktop\\\\apps\\\\@madnesslabs\\\\madnessclub\\\\functions\\\\node_modules\\\\firebase-admin\\\\lib\\\\index.js\"}"}}
[debug] [2021-12-19T21:18:57.111Z] [runtime-status] [180468] Resolved module firebase-functions {"declared":true,"installed":true,"version":"3.16.0","resolution":"C:\\Users\\popco\\Desktop\\apps\\@madnesslabs\\madnessclub\\functions\\node_modules\\firebase-functions\\lib\\index.js"} {"metadata":{"emulator":{"name":"functions"},"function":{"name":"us-central1-connectUserToStripe"},"message":"[runtime-status] [180468] Resolved module firebase-functions {\"declared\":true,\"installed\":true,\"version\":\"3.16.0\",\"resolution\":\"C:\\\\Users\\\\popco\\\\Desktop\\\\apps\\\\@madnesslabs\\\\madnessclub\\\\functions\\\\node_modules\\\\firebase-functions\\\\lib\\\\index.js\"}"}}
[debug] [2021-12-19T21:18:57.113Z] [runtime-status] [180468] Outgoing network have been stubbed. [{"name":"http","status":"mocked"},{"name":"http","status":"mocked"},{"name":"https","status":"mocked"},{"name":"https","status":"mocked"},{"name":"net","status":"mocked"}] {"metadata":{"emulator":{"name":"functions"},"function":{"name":"us-central1-connectUserToStripe"},"message":"[runtime-status] [180468] Outgoing network have been stubbed. [{\"name\":\"http\",\"status\":\"mocked\"},{\"name\":\"http\",\"status\":\"mocked\"},{\"name\":\"https\",\"status\":\"mocked\"},{\"name\":\"https\",\"status\":\"mocked\"},{\"name\":\"net\",\"status\":\"mocked\"}]"}}
[debug] [2021-12-19T21:18:57.114Z] [runtime-status] [180468] Resolved module firebase-functions {"declared":true,"installed":true,"version":"3.16.0","resolution":"C:\\Users\\popco\\Desktop\\apps\\@madnesslabs\\madnessclub\\functions\\node_modules\\firebase-functions\\lib\\index.js"} {"metadata":{"emulator":{"name":"functions"},"function":{"name":"us-central1-connectUserToStripe"},"message":"[runtime-status] [180468] Resolved module firebase-functions {\"declared\":true,\"installed\":true,\"version\":\"3.16.0\",\"resolution\":\"C:\\\\Users\\\\popco\\\\Desktop\\\\apps\\\\@madnesslabs\\\\madnessclub\\\\functions\\\\node_modules\\\\firebase-functions\\\\lib\\\\index.js\"}"}}
[debug] [2021-12-19T21:18:57.171Z] [runtime-status] [180468] Checked functions.config() {"config":{}} {"metadata":{"emulator":{"name":"functions"},"function":{"name":"us-central1-connectUserToStripe"},"message":"[runtime-status] [180468] Checked functions.config() {\"config\":{}}"}}
[debug] [2021-12-19T21:18:57.171Z] [runtime-status] [180468] firebase-functions has been stubbed. {"functionsResolution":{"declared":true,"installed":true,"version":"3.16.0","resolution":"C:\\Users\\popco\\Desktop\\apps\\@madnesslabs\\madnessclub\\functions\\node_modules\\firebase-functions\\lib\\index.js"}} {"metadata":{"emulator":{"name":"functions"},"function":{"name":"us-central1-connectUserToStripe"},"message":"[runtime-status] [180468] firebase-functions has been stubbed. {\"functionsResolution\":{\"declared\":true,\"installed\":true,\"version\":\"3.16.0\",\"resolution\":\"C:\\\\Users\\\\popco\\\\Desktop\\\\apps\\\\@madnesslabs\\\\madnessclub\\\\functions\\\\node_modules\\\\firebase-functions\\\\lib\\\\index.js\"}}"}}
[debug] [2021-12-19T21:18:57.172Z] [runtime-status] [180468] Resolved module firebase-functions {"declared":true,"installed":true,"version":"3.16.0","resolution":"C:\\Users\\popco\\Desktop\\apps\\@madnesslabs\\madnessclub\\functions\\node_modules\\firebase-functions\\lib\\index.js"} {"metadata":{"emulator":{"name":"functions"},"function":{"name":"us-central1-connectUserToStripe"},"message":"[runtime-status] [180468] Resolved module firebase-functions {\"declared\":true,\"installed\":true,\"version\":\"3.16.0\",\"resolution\":\"C:\\\\Users\\\\popco\\\\Desktop\\\\apps\\\\@madnesslabs\\\\madnessclub\\\\functions\\\\node_modules\\\\firebase-functions\\\\lib\\\\index.js\"}"}}
[debug] [2021-12-19T21:18:57.173Z] [runtime-status] [180468] Resolved module firebase-admin {"declared":true,"installed":true,"version":"9.12.0","resolution":"C:\\Users\\popco\\Desktop\\apps\\@madnesslabs\\madnessclub\\functions\\node_modules\\firebase-admin\\lib\\index.js"} {"metadata":{"emulator":{"name":"functions"},"function":{"name":"us-central1-connectUserToStripe"},"message":"[runtime-status] [180468] Resolved module firebase-admin {\"declared\":true,\"installed\":true,\"version\":\"9.12.0\",\"resolution\":\"C:\\\\Users\\\\popco\\\\Desktop\\\\apps\\\\@madnesslabs\\\\madnessclub\\\\functions\\\\node_modules\\\\firebase-admin\\\\lib\\\\index.js\"}"}}
[debug] [2021-12-19T21:18:57.174Z] [runtime-status] [180468] Resolved module firebase-functions {"declared":true,"installed":true,"version":"3.16.0","resolution":"C:\\Users\\popco\\Desktop\\apps\\@madnesslabs\\madnessclub\\functions\\node_modules\\firebase-functions\\lib\\index.js"} {"metadata":{"emulator":{"name":"functions"},"function":{"name":"us-central1-connectUserToStripe"},"message":"[runtime-status] [180468] Resolved module firebase-functions {\"declared\":true,\"installed\":true,\"version\":\"3.16.0\",\"resolution\":\"C:\\\\Users\\\\popco\\\\Desktop\\\\apps\\\\@madnesslabs\\\\madnessclub\\\\functions\\\\node_modules\\\\firebase-functions\\\\lib\\\\index.js\"}"}}
[debug] [2021-12-19T21:18:57.175Z] [runtime-status] [180468] firebase-admin has been stubbed. {"adminResolution":{"declared":true,"installed":true,"version":"9.12.0","resolution":"C:\\Users\\popco\\Desktop\\apps\\@madnesslabs\\madnessclub\\functions\\node_modules\\firebase-admin\\lib\\index.js"}} {"metadata":{"emulator":{"name":"functions"},"function":{"name":"us-central1-connectUserToStripe"},"message":"[runtime-status] [180468] firebase-admin has been stubbed. {\"adminResolution\":{\"declared\":true,\"installed\":true,\"version\":\"9.12.0\",\"resolution\":\"C:\\\\Users\\\\popco\\\\Desktop\\\\apps\\\\@madnesslabs\\\\madnessclub\\\\functions\\\\node_modules\\\\firebase-admin\\\\lib\\\\index.js\"}}"}}
[debug] [2021-12-19T21:18:57.232Z] [runtime-status] [180468] Trigger "us-central1-connectUserToStripe" has been found, beginning invocation! {"metadata":{"emulator":{"name":"functions"},"function":{"name":"us-central1-connectUserToStripe"},"message":"[runtime-status] [180468] Trigger \"us-central1-connectUserToStripe\" has been found, beginning invocation!"}}
[info] i  functions: Beginning execution of "us-central1-connectUserToStripe" {"metadata":{"emulator":{"name":"functions"},"function":{"name":"us-central1-connectUserToStripe"},"message":"Beginning execution of \"us-central1-connectUserToStripe\""}}
[debug] [2021-12-19T21:18:57.234Z] [runtime-status] [180468] triggerDefinition {"labels":{"deployment-callable":"true"},"httpsTrigger":{},"name":"connectUserToStripe","entryPoint":"connectUserToStripe","regions":["us-central1"],"region":"us-central1","id":"us-central1-connectUserToStripe"} {"metadata":{"emulator":{"name":"functions"},"function":{"name":"us-central1-connectUserToStripe"},"message":"[runtime-status] [180468] triggerDefinition {\"labels\":{\"deployment-callable\":\"true\"},\"httpsTrigger\":{},\"name\":\"connectUserToStripe\",\"entryPoint\":\"connectUserToStripe\",\"regions\":[\"us-central1\"],\"region\":\"us-central1\",\"id\":\"us-central1-connectUserToStripe\"}"}}
[debug] [2021-12-19T21:18:57.234Z] [runtime-status] [180468] Running us-central1-connectUserToStripe in signature http {"metadata":{"emulator":{"name":"functions"},"function":{"name":"us-central1-connectUserToStripe"},"message":"[runtime-status] [180468] Running us-central1-connectUserToStripe in signature http"}}
[debug] [2021-12-19T21:18:57.238Z] [runtime-status] [180468] Attempting to listen to socketPath: \\?\pipe\C:\Users\popco\Desktop\apps\@madnesslabs\madnessclub\functions\180468 {"metadata":{"emulator":{"name":"functions"},"function":{"name":"us-central1-connectUserToStripe"},"message":"[runtime-status] [180468] Attempting to listen to socketPath: \\\\?\\pipe\\C:\\Users\\popco\\Desktop\\apps\\@madnesslabs\\madnessclub\\functions\\180468"}}
[debug] [2021-12-19T21:18:57.242Z] [functions] Runtime ready! Sending request! {"metadata":{"emulator":{"name":"functions"},"message":"[functions] Runtime ready! Sending request!"}}
[debug] [2021-12-19T21:18:57.243Z] [functions] Got req.url=/madness-club/us-central1/connectUserToStripe, mapping to path=/ {"metadata":{"emulator":{"name":"functions"},"message":"[functions] Got req.url=/madness-club/us-central1/connectUserToStripe, mapping to path=/"}}
[debug] [2021-12-19T21:18:57.255Z] [runtime-status] [180468] Ephemeral server handling OPTIONS request {"metadata":{"emulator":{"name":"functions"},"function":{"name":"us-central1-connectUserToStripe"},"message":"[runtime-status] [180468] Ephemeral server handling OPTIONS request"}}
[debug] [2021-12-19T21:18:57.262Z] [work-queue] {"queueLength":1,"workRunningCount":1}
[debug] [2021-12-19T21:18:57.262Z] [work-queue] {"queueLength":0,"workRunningCount":2}
[debug] [2021-12-19T21:18:57.262Z] Accepted request POST /madness-club/us-central1/connectUserToStripe --> us-central1-connectUserToStripe
[debug] [2021-12-19T21:18:57.263Z] ID Token: eyJhbGciOiJub25lIiwidHlwIjoiSldUIn0.eyJlbWFpbCI6ImJvYmJ5QG1hZG5lc3NsYWJzLm5ldCIsImVtYWlsX3ZlcmlmaWVkIjp0cnVlLCJhdXRoX3RpbWUiOjE2Mzk5NDg2NjYsInVzZXJfaWQiOiJ4SVdtQUdRRGNFV0xJS1ZzdWtIWXhMVnpJSHhsIiwiZmlyZWJhc2UiOnsiaWRlbnRpdGllcyI6eyJlbWFpbCI6WyJib2JieUBtYWRuZXNzbGFicy5uZXQiXX0sInNpZ25faW5fcHJvdmlkZXIiOiJwYXNzd29yZCJ9LCJpYXQiOjE2Mzk5NDg3MzMsImV4cCI6MTYzOTk1MjMzMywiYXVkIjoibWFkbmVzcy1jbHViIiwiaXNzIjoiaHR0cHM6Ly9zZWN1cmV0b2tlbi5nb29nbGUuY29tL21hZG5lc3MtY2x1YiIsInN1YiI6InhJV21BR1FEY0VXTElLVnN1a0hZeExWeklIeGwifQ.
[debug] [2021-12-19T21:18:57.272Z] [worker-pool] addWorker(us-central1-connectUserToStripe) {"metadata":{"emulator":{"name":"functions"},"message":"[worker-pool] addWorker(us-central1-connectUserToStripe)"}}
[debug] [2021-12-19T21:18:57.272Z] [worker-pool] Adding worker with key us-central1-connectUserToStripe, total=2 {"metadata":{"emulator":{"name":"functions"},"message":"[worker-pool] Adding worker with key us-central1-connectUserToStripe, total=2"}}
[debug] [2021-12-19T21:18:57.272Z] [worker-pool] submitWork(triggerId=us-central1-connectUserToStripe) {"metadata":{"emulator":{"name":"functions"},"message":"[worker-pool] submitWork(triggerId=us-central1-connectUserToStripe)"}}
[debug] [2021-12-19T21:18:57.272Z] [worker-us-central1-connectUserToStripe-135a2f9c-0650-4833-871e-81fc82c73e77]: Assigning socketPath: \\?\pipe\C:\Users\popco\Desktop\apps\@madnesslabs\madnessclub\functions\179476 {"metadata":{"emulator":{"name":"functions"},"message":"[worker-us-central1-connectUserToStripe-135a2f9c-0650-4833-871e-81fc82c73e77]: Assigning socketPath: \\\\?\\pipe\\C:\\Users\\popco\\Desktop\\apps\\@madnesslabs\\madnessclub\\functions\\179476"}}
[debug] [2021-12-19T21:18:57.273Z] [worker-us-central1-connectUserToStripe-135a2f9c-0650-4833-871e-81fc82c73e77]: BUSY {"metadata":{"emulator":{"name":"functions"},"message":"[worker-us-central1-connectUserToStripe-135a2f9c-0650-4833-871e-81fc82c73e77]: BUSY"}}
[debug] [2021-12-19T21:18:57.273Z] [runtime-status] [180468] Ephemeral server survived. {"metadata":{"emulator":{"name":"functions"},"function":{"name":"us-central1-connectUserToStripe"},"message":"[runtime-status] [180468] Ephemeral server survived."}}
[info] i  functions: Finished "us-central1-connectUserToStripe" in ~1s {"metadata":{"emulator":{"name":"functions"},"function":{"name":"us-central1-connectUserToStripe"},"message":"Finished \"us-central1-connectUserToStripe\" in ~1s"}}
[debug] [2021-12-19T21:18:57.274Z] [worker-us-central1-connectUserToStripe-57e85209-a763-47e1-a351-83743a238123]: IDLE {"metadata":{"emulator":{"name":"functions"},"message":"[worker-us-central1-connectUserToStripe-57e85209-a763-47e1-a351-83743a238123]: IDLE"}}
[debug] [2021-12-19T21:18:57.275Z] [work-queue] {"queueLength":0,"workRunningCount":1}
[debug] [2021-12-19T21:18:57.621Z] [runtime-status] [179476] Functions runtime initialized. {"cwd":"C:\\Users\\popco\\Desktop\\apps\\@madnesslabs\\madnessclub\\functions","node_version":"14.18.0"} {"metadata":{"emulator":{"name":"functions"},"function":{"name":"us-central1-connectUserToStripe"},"message":"[runtime-status] [179476] Functions runtime initialized. {\"cwd\":\"C:\\\\Users\\\\popco\\\\Desktop\\\\apps\\\\@madnesslabs\\\\madnessclub\\\\functions\",\"node_version\":\"14.18.0\"}"}}
[debug] [2021-12-19T21:18:57.624Z] [runtime-status] [179476] Disabled runtime features: undefined {"metadata":{"emulator":{"name":"functions"},"function":{"name":"us-central1-connectUserToStripe"},"message":"[runtime-status] [179476] Disabled runtime features: undefined"}}
[debug] [2021-12-19T21:18:57.628Z] [runtime-status] [179476] Resolved module firebase-admin {"declared":true,"installed":true,"version":"9.12.0","resolution":"C:\\Users\\popco\\Desktop\\apps\\@madnesslabs\\madnessclub\\functions\\node_modules\\firebase-admin\\lib\\index.js"} {"metadata":{"emulator":{"name":"functions"},"function":{"name":"us-central1-connectUserToStripe"},"message":"[runtime-status] [179476] Resolved module firebase-admin {\"declared\":true,\"installed\":true,\"version\":\"9.12.0\",\"resolution\":\"C:\\\\Users\\\\popco\\\\Desktop\\\\apps\\\\@madnesslabs\\\\madnessclub\\\\functions\\\\node_modules\\\\firebase-admin\\\\lib\\\\index.js\"}"}}
[debug] [2021-12-19T21:18:57.636Z] [runtime-status] [179476] Resolved module firebase-functions {"declared":true,"installed":true,"version":"3.16.0","resolution":"C:\\Users\\popco\\Desktop\\apps\\@madnesslabs\\madnessclub\\functions\\node_modules\\firebase-functions\\lib\\index.js"} {"metadata":{"emulator":{"name":"functions"},"function":{"name":"us-central1-connectUserToStripe"},"message":"[runtime-status] [179476] Resolved module firebase-functions {\"declared\":true,\"installed\":true,\"version\":\"3.16.0\",\"resolution\":\"C:\\\\Users\\\\popco\\\\Desktop\\\\apps\\\\@madnesslabs\\\\madnessclub\\\\functions\\\\node_modules\\\\firebase-functions\\\\lib\\\\index.js\"}"}}
[debug] [2021-12-19T21:18:57.642Z] [runtime-status] [179476] Outgoing network have been stubbed. [{"name":"http","status":"mocked"},{"name":"http","status":"mocked"},{"name":"https","status":"mocked"},{"name":"https","status":"mocked"},{"name":"net","status":"mocked"}] {"metadata":{"emulator":{"name":"functions"},"function":{"name":"us-central1-connectUserToStripe"},"message":"[runtime-status] [179476] Outgoing network have been stubbed. [{\"name\":\"http\",\"status\":\"mocked\"},{\"name\":\"http\",\"status\":\"mocked\"},{\"name\":\"https\",\"status\":\"mocked\"},{\"name\":\"https\",\"status\":\"mocked\"},{\"name\":\"net\",\"status\":\"mocked\"}]"}}
[debug] [2021-12-19T21:18:57.645Z] [runtime-status] [179476] Resolved module firebase-functions {"declared":true,"installed":true,"version":"3.16.0","resolution":"C:\\Users\\popco\\Desktop\\apps\\@madnesslabs\\madnessclub\\functions\\node_modules\\firebase-functions\\lib\\index.js"} {"metadata":{"emulator":{"name":"functions"},"function":{"name":"us-central1-connectUserToStripe"},"message":"[runtime-status] [179476] Resolved module firebase-functions {\"declared\":true,\"installed\":true,\"version\":\"3.16.0\",\"resolution\":\"C:\\\\Users\\\\popco\\\\Desktop\\\\apps\\\\@madnesslabs\\\\madnessclub\\\\functions\\\\node_modules\\\\firebase-functions\\\\lib\\\\index.js\"}"}}
[debug] [2021-12-19T21:18:57.715Z] [runtime-status] [179476] Checked functions.config() {"config":{}} {"metadata":{"emulator":{"name":"functions"},"function":{"name":"us-central1-connectUserToStripe"},"message":"[runtime-status] [179476] Checked functions.config() {\"config\":{}}"}}
[debug] [2021-12-19T21:18:57.715Z] [runtime-status] [179476] firebase-functions has been stubbed. {"functionsResolution":{"declared":true,"installed":true,"version":"3.16.0","resolution":"C:\\Users\\popco\\Desktop\\apps\\@madnesslabs\\madnessclub\\functions\\node_modules\\firebase-functions\\lib\\index.js"}} {"metadata":{"emulator":{"name":"functions"},"function":{"name":"us-central1-connectUserToStripe"},"message":"[runtime-status] [179476] firebase-functions has been stubbed. {\"functionsResolution\":{\"declared\":true,\"installed\":true,\"version\":\"3.16.0\",\"resolution\":\"C:\\\\Users\\\\popco\\\\Desktop\\\\apps\\\\@madnesslabs\\\\madnessclub\\\\functions\\\\node_modules\\\\firebase-functions\\\\lib\\\\index.js\"}}"}}
[debug] [2021-12-19T21:18:57.716Z] [runtime-status] [179476] Resolved module firebase-functions {"declared":true,"installed":true,"version":"3.16.0","resolution":"C:\\Users\\popco\\Desktop\\apps\\@madnesslabs\\madnessclub\\functions\\node_modules\\firebase-functions\\lib\\index.js"} {"metadata":{"emulator":{"name":"functions"},"function":{"name":"us-central1-connectUserToStripe"},"message":"[runtime-status] [179476] Resolved module firebase-functions {\"declared\":true,\"installed\":true,\"version\":\"3.16.0\",\"resolution\":\"C:\\\\Users\\\\popco\\\\Desktop\\\\apps\\\\@madnesslabs\\\\madnessclub\\\\functions\\\\node_modules\\\\firebase-functions\\\\lib\\\\index.js\"}"}}
[debug] [2021-12-19T21:18:57.718Z] [runtime-status] [179476] Resolved module firebase-admin {"declared":true,"installed":true,"version":"9.12.0","resolution":"C:\\Users\\popco\\Desktop\\apps\\@madnesslabs\\madnessclub\\functions\\node_modules\\firebase-admin\\lib\\index.js"} {"metadata":{"emulator":{"name":"functions"},"function":{"name":"us-central1-connectUserToStripe"},"message":"[runtime-status] [179476] Resolved module firebase-admin {\"declared\":true,\"installed\":true,\"version\":\"9.12.0\",\"resolution\":\"C:\\\\Users\\\\popco\\\\Desktop\\\\apps\\\\@madnesslabs\\\\madnessclub\\\\functions\\\\node_modules\\\\firebase-admin\\\\lib\\\\index.js\"}"}}
[debug] [2021-12-19T21:18:57.721Z] [runtime-status] [179476] Resolved module firebase-functions {"declared":true,"installed":true,"version":"3.16.0","resolution":"C:\\Users\\popco\\Desktop\\apps\\@madnesslabs\\madnessclub\\functions\\node_modules\\firebase-functions\\lib\\index.js"} {"metadata":{"emulator":{"name":"functions"},"function":{"name":"us-central1-connectUserToStripe"},"message":"[runtime-status] [179476] Resolved module firebase-functions {\"declared\":true,\"installed\":true,\"version\":\"3.16.0\",\"resolution\":\"C:\\\\Users\\\\popco\\\\Desktop\\\\apps\\\\@madnesslabs\\\\madnessclub\\\\functions\\\\node_modules\\\\firebase-functions\\\\lib\\\\index.js\"}"}}
[debug] [2021-12-19T21:18:57.722Z] [runtime-status] [179476] firebase-admin has been stubbed. {"adminResolution":{"declared":true,"installed":true,"version":"9.12.0","resolution":"C:\\Users\\popco\\Desktop\\apps\\@madnesslabs\\madnessclub\\functions\\node_modules\\firebase-admin\\lib\\index.js"}} {"metadata":{"emulator":{"name":"functions"},"function":{"name":"us-central1-connectUserToStripe"},"message":"[runtime-status] [179476] firebase-admin has been stubbed. {\"adminResolution\":{\"declared\":true,\"installed\":true,\"version\":\"9.12.0\",\"resolution\":\"C:\\\\Users\\\\popco\\\\Desktop\\\\apps\\\\@madnesslabs\\\\madnessclub\\\\functions\\\\node_modules\\\\firebase-admin\\\\lib\\\\index.js\"}}"}}
[debug] [2021-12-19T21:18:57.801Z] [runtime-status] [179476] Trigger "us-central1-connectUserToStripe" has been found, beginning invocation! {"metadata":{"emulator":{"name":"functions"},"function":{"name":"us-central1-connectUserToStripe"},"message":"[runtime-status] [179476] Trigger \"us-central1-connectUserToStripe\" has been found, beginning invocation!"}}
[info] i  functions: Beginning execution of "us-central1-connectUserToStripe" {"metadata":{"emulator":{"name":"functions"},"function":{"name":"us-central1-connectUserToStripe"},"message":"Beginning execution of \"us-central1-connectUserToStripe\""}}
[debug] [2021-12-19T21:18:57.803Z] [runtime-status] [179476] triggerDefinition {"labels":{"deployment-callable":"true"},"httpsTrigger":{},"name":"connectUserToStripe","entryPoint":"connectUserToStripe","regions":["us-central1"],"region":"us-central1","id":"us-central1-connectUserToStripe"} {"metadata":{"emulator":{"name":"functions"},"function":{"name":"us-central1-connectUserToStripe"},"message":"[runtime-status] [179476] triggerDefinition {\"labels\":{\"deployment-callable\":\"true\"},\"httpsTrigger\":{},\"name\":\"connectUserToStripe\",\"entryPoint\":\"connectUserToStripe\",\"regions\":[\"us-central1\"],\"region\":\"us-central1\",\"id\":\"us-central1-connectUserToStripe\"}"}}
[debug] [2021-12-19T21:18:57.803Z] [runtime-status] [179476] Running us-central1-connectUserToStripe in signature http {"metadata":{"emulator":{"name":"functions"},"function":{"name":"us-central1-connectUserToStripe"},"message":"[runtime-status] [179476] Running us-central1-connectUserToStripe in signature http"}}
[debug] [2021-12-19T21:18:57.807Z] [runtime-status] [179476] Attempting to listen to socketPath: \\?\pipe\C:\Users\popco\Desktop\apps\@madnesslabs\madnessclub\functions\179476 {"metadata":{"emulator":{"name":"functions"},"function":{"name":"us-central1-connectUserToStripe"},"message":"[runtime-status] [179476] Attempting to listen to socketPath: \\\\?\\pipe\\C:\\Users\\popco\\Desktop\\apps\\@madnesslabs\\madnessclub\\functions\\179476"}}
[debug] [2021-12-19T21:18:57.810Z] [functions] Runtime ready! Sending request! {"metadata":{"emulator":{"name":"functions"},"message":"[functions] Runtime ready! Sending request!"}}
[debug] [2021-12-19T21:18:57.810Z] [functions] Got req.url=/madness-club/us-central1/connectUserToStripe, mapping to path=/ {"metadata":{"emulator":{"name":"functions"},"message":"[functions] Got req.url=/madness-club/us-central1/connectUserToStripe, mapping to path=/"}}
[debug] [2021-12-19T21:18:57.835Z] [runtime-status] [179476] Ephemeral server handling POST request {"metadata":{"emulator":{"name":"functions"},"function":{"name":"us-central1-connectUserToStripe"},"message":"[runtime-status] [179476] Ephemeral server handling POST request"}}
[info] >  {"verifications":{"app":"MISSING","auth":"MISSING"},"logging.googleapis.com/labels":{"firebase-log-type":"callable-request-verification"},"severity":"INFO","message":"Callable request verification passed"} {"user":{"verifications":{"app":"MISSING","auth":"MISSING"},"logging.googleapis.com/labels":{"firebase-log-type":"callable-request-verification"},"severity":"INFO","message":"Callable request verification passed"},"metadata":{"emulator":{"name":"functions"},"function":{"name":"us-central1-connectUserToStripe"},"message":"\u001b[90m> \u001b[39m {\"verifications\":{\"app\":\"MISSING\",\"auth\":\"MISSING\"},\"logging.googleapis.com/labels\":{\"firebase-log-type\":\"callable-request-verification\"},\"severity\":\"INFO\",\"message\":\"Callable request verification passed\"}"}}
[debug] [2021-12-19T21:18:57.863Z] [runtime-status] [179476] Callable functions auth override {"key":"x-callable-context-auth","value":"%7B%22uid%22%3A%22xIWmAGQDcEWLIKVsukHYxLVzIHxl%22%2C%22token%22%3A%7B%22email%22%3A%22bobby%40madnesslabs.net%22%2C%22email_verified%22%3Atrue%2C%22auth_time%22%3A1639948666%2C%22user_id%22%3A%22xIWmAGQDcEWLIKVsukHYxLVzIHxl%22%2C%22firebase%22%3A%7B%22identities%22%3A%7B%22email%22%3A%5B%22bobby%40madnesslabs.net%22%5D%7D%2C%22sign_in_provider%22%3A%22password%22%7D%2C%22iat%22%3A1639948733%2C%22exp%22%3A1639952333%2C%22aud%22%3A%22madness-club%22%2C%22iss%22%3A%22https%3A%2F%2Fsecuretoken.google.com%2Fmadness-club%22%2C%22sub%22%3A%22xIWmAGQDcEWLIKVsukHYxLVzIHxl%22%2C%22uid%22%3A%22xIWmAGQDcEWLIKVsukHYxLVzIHxl%22%7D%7D"} {"metadata":{"emulator":{"name":"functions"},"function":{"name":"us-central1-connectUserToStripe"},"message":"[runtime-status] [179476] Callable functions auth override {\"key\":\"x-callable-context-auth\",\"value\":\"%7B%22uid%22%3A%22xIWmAGQDcEWLIKVsukHYxLVzIHxl%22%2C%22token%22%3A%7B%22email%22%3A%22bobby%40madnesslabs.net%22%2C%22email_verified%22%3Atrue%2C%22auth_time%22%3A1639948666%2C%22user_id%22%3A%22xIWmAGQDcEWLIKVsukHYxLVzIHxl%22%2C%22firebase%22%3A%7B%22identities%22%3A%7B%22email%22%3A%5B%22bobby%40madnesslabs.net%22%5D%7D%2C%22sign_in_provider%22%3A%22password%22%7D%2C%22iat%22%3A1639948733%2C%22exp%22%3A1639952333%2C%22aud%22%3A%22madness-club%22%2C%22iss%22%3A%22https%3A%2F%2Fsecuretoken.google.com%2Fmadness-club%22%2C%22sub%22%3A%22xIWmAGQDcEWLIKVsukHYxLVzIHxl%22%2C%22uid%22%3A%22xIWmAGQDcEWLIKVsukHYxLVzIHxl%22%7D%7D\"}"}}
[debug] [2021-12-19T21:18:57.865Z] [runtime-status] [179476] initializeApp(DEFAULT) {"storageBucket":"madness-club.appspot.com","projectId":"madness-club"} {"metadata":{"emulator":{"name":"functions"},"function":{"name":"us-central1-connectUserToStripe"},"message":"[runtime-status] [179476] initializeApp(DEFAULT) {\"storageBucket\":\"madness-club.appspot.com\",\"projectId\":\"madness-club\"}"}}
[info] >  {"structuredData":true,"severity":"INFO","message":"Connecting user to Stripe."} {"user":{"structuredData":true,"severity":"INFO","message":"Connecting user to Stripe."},"metadata":{"emulator":{"name":"functions"},"function":{"name":"us-central1-connectUserToStripe"},"message":"\u001b[90m> \u001b[39m {\"structuredData\":true,\"severity\":\"INFO\",\"message\":\"Connecting user to Stripe.\"}"}}
[debug] [2021-12-19T21:18:59.402Z] [runtime-status] [179476] Ephemeral server survived. {"metadata":{"emulator":{"name":"functions"},"function":{"name":"us-central1-connectUserToStripe"},"message":"[runtime-status] [179476] Ephemeral server survived."}}
[info] i  functions: Finished "us-central1-connectUserToStripe" in ~1s {"metadata":{"emulator":{"name":"functions"},"function":{"name":"us-central1-connectUserToStripe"},"message":"Finished \"us-central1-connectUserToStripe\" in ~1s"}}
[debug] [2021-12-19T21:18:59.403Z] [worker-us-central1-connectUserToStripe-135a2f9c-0650-4833-871e-81fc82c73e77]: IDLE {"metadata":{"emulator":{"name":"functions"},"message":"[worker-us-central1-connectUserToStripe-135a2f9c-0650-4833-871e-81fc82c73e77]: IDLE"}}
[debug] [2021-12-19T21:18:59.404Z] [work-queue] {"queueLength":0,"workRunningCount":0}
[debug] [2021-12-19T21:19:24.897Z] [work-queue] {"queueLength":1,"workRunningCount":0}
[debug] [2021-12-19T21:19:24.897Z] [work-queue] {"queueLength":0,"workRunningCount":1}
[debug] [2021-12-19T21:19:24.897Z] Accepted request OPTIONS /madness-club/us-central1/connectUserToStripe --> us-central1-connectUserToStripe
[debug] [2021-12-19T21:19:24.897Z] [worker-pool] submitWork(triggerId=us-central1-connectUserToStripe) {"metadata":{"emulator":{"name":"functions"},"message":"[worker-pool] submitWork(triggerId=us-central1-connectUserToStripe)"}}
[debug] [2021-12-19T21:19:24.897Z] [worker-us-central1-connectUserToStripe-57e85209-a763-47e1-a351-83743a238123]: Assigning socketPath: \\?\pipe\C:\Users\popco\Desktop\apps\@madnesslabs\madnessclub\functions\180468 {"metadata":{"emulator":{"name":"functions"},"message":"[worker-us-central1-connectUserToStripe-57e85209-a763-47e1-a351-83743a238123]: Assigning socketPath: \\\\?\\pipe\\C:\\Users\\popco\\Desktop\\apps\\@madnesslabs\\madnessclub\\functions\\180468"}}
[debug] [2021-12-19T21:19:24.898Z] [worker-us-central1-connectUserToStripe-57e85209-a763-47e1-a351-83743a238123]: BUSY {"metadata":{"emulator":{"name":"functions"},"message":"[worker-us-central1-connectUserToStripe-57e85209-a763-47e1-a351-83743a238123]: BUSY"}}
[debug] [2021-12-19T21:19:24.898Z] [runtime-status] [180468] Trigger "us-central1-connectUserToStripe" has been found, beginning invocation! {"metadata":{"emulator":{"name":"functions"},"function":{"name":"us-central1-connectUserToStripe"},"message":"[runtime-status] [180468] Trigger \"us-central1-connectUserToStripe\" has been found, beginning invocation!"}}
[info] i  functions: Beginning execution of "us-central1-connectUserToStripe" {"metadata":{"emulator":{"name":"functions"},"function":{"name":"us-central1-connectUserToStripe"},"message":"Beginning execution of \"us-central1-connectUserToStripe\""}}
[debug] [2021-12-19T21:19:24.899Z] [runtime-status] [180468] triggerDefinition {"labels":{"deployment-callable":"true"},"httpsTrigger":{},"name":"connectUserToStripe","entryPoint":"connectUserToStripe","regions":["us-central1"],"region":"us-central1","id":"us-central1-connectUserToStripe"} {"metadata":{"emulator":{"name":"functions"},"function":{"name":"us-central1-connectUserToStripe"},"message":"[runtime-status] [180468] triggerDefinition {\"labels\":{\"deployment-callable\":\"true\"},\"httpsTrigger\":{},\"name\":\"connectUserToStripe\",\"entryPoint\":\"connectUserToStripe\",\"regions\":[\"us-central1\"],\"region\":\"us-central1\",\"id\":\"us-central1-connectUserToStripe\"}"}}
[debug] [2021-12-19T21:19:24.899Z] [runtime-status] [180468] Running us-central1-connectUserToStripe in signature http {"metadata":{"emulator":{"name":"functions"},"function":{"name":"us-central1-connectUserToStripe"},"message":"[runtime-status] [180468] Running us-central1-connectUserToStripe in signature http"}}
[debug] [2021-12-19T21:19:24.899Z] [runtime-status] [180468] Attempting to listen to socketPath: \\?\pipe\C:\Users\popco\Desktop\apps\@madnesslabs\madnessclub\functions\180468 {"metadata":{"emulator":{"name":"functions"},"function":{"name":"us-central1-connectUserToStripe"},"message":"[runtime-status] [180468] Attempting to listen to socketPath: \\\\?\\pipe\\C:\\Users\\popco\\Desktop\\apps\\@madnesslabs\\madnessclub\\functions\\180468"}}
[debug] [2021-12-19T21:19:24.900Z] [functions] Runtime ready! Sending request! {"metadata":{"emulator":{"name":"functions"},"message":"[functions] Runtime ready! Sending request!"}}
[debug] [2021-12-19T21:19:24.901Z] [functions] Got req.url=/madness-club/us-central1/connectUserToStripe, mapping to path=/ {"metadata":{"emulator":{"name":"functions"},"message":"[functions] Got req.url=/madness-club/us-central1/connectUserToStripe, mapping to path=/"}}
[debug] [2021-12-19T21:19:24.903Z] [runtime-status] [180468] Ephemeral server handling OPTIONS request {"metadata":{"emulator":{"name":"functions"},"function":{"name":"us-central1-connectUserToStripe"},"message":"[runtime-status] [180468] Ephemeral server handling OPTIONS request"}}
[debug] [2021-12-19T21:19:24.905Z] [runtime-status] [180468] Ephemeral server survived. {"metadata":{"emulator":{"name":"functions"},"function":{"name":"us-central1-connectUserToStripe"},"message":"[runtime-status] [180468] Ephemeral server survived."}}
[info] i  functions: Finished "us-central1-connectUserToStripe" in ~1s {"metadata":{"emulator":{"name":"functions"},"function":{"name":"us-central1-connectUserToStripe"},"message":"Finished \"us-central1-connectUserToStripe\" in ~1s"}}
[debug] [2021-12-19T21:19:24.906Z] [worker-us-central1-connectUserToStripe-57e85209-a763-47e1-a351-83743a238123]: IDLE {"metadata":{"emulator":{"name":"functions"},"message":"[worker-us-central1-connectUserToStripe-57e85209-a763-47e1-a351-83743a238123]: IDLE"}}
[debug] [2021-12-19T21:19:24.906Z] [work-queue] {"queueLength":0,"workRunningCount":0}
[debug] [2021-12-19T21:19:24.907Z] [work-queue] {"queueLength":1,"workRunningCount":0}
[debug] [2021-12-19T21:19:24.907Z] [work-queue] {"queueLength":0,"workRunningCount":1}
[debug] [2021-12-19T21:19:24.907Z] Accepted request POST /madness-club/us-central1/connectUserToStripe --> us-central1-connectUserToStripe
[debug] [2021-12-19T21:19:24.907Z] ID Token: eyJhbGciOiJub25lIiwidHlwIjoiSldUIn0.eyJlbWFpbCI6ImJvYmJ5QG1hZG5lc3NsYWJzLm5ldCIsImVtYWlsX3ZlcmlmaWVkIjp0cnVlLCJhdXRoX3RpbWUiOjE2Mzk5NDg2NjYsInVzZXJfaWQiOiJ4SVdtQUdRRGNFV0xJS1ZzdWtIWXhMVnpJSHhsIiwiZmlyZWJhc2UiOnsiaWRlbnRpdGllcyI6eyJlbWFpbCI6WyJib2JieUBtYWRuZXNzbGFicy5uZXQiXX0sInNpZ25faW5fcHJvdmlkZXIiOiJwYXNzd29yZCJ9LCJpYXQiOjE2Mzk5NDg3NjEsImV4cCI6MTYzOTk1MjM2MSwiYXVkIjoibWFkbmVzcy1jbHViIiwiaXNzIjoiaHR0cHM6Ly9zZWN1cmV0b2tlbi5nb29nbGUuY29tL21hZG5lc3MtY2x1YiIsInN1YiI6InhJV21BR1FEY0VXTElLVnN1a0hZeExWeklIeGwifQ.
[debug] [2021-12-19T21:19:24.908Z] [worker-pool] submitWork(triggerId=us-central1-connectUserToStripe) {"metadata":{"emulator":{"name":"functions"},"message":"[worker-pool] submitWork(triggerId=us-central1-connectUserToStripe)"}}
[debug] [2021-12-19T21:19:24.909Z] [worker-us-central1-connectUserToStripe-57e85209-a763-47e1-a351-83743a238123]: Assigning socketPath: \\?\pipe\C:\Users\popco\Desktop\apps\@madnesslabs\madnessclub\functions\180468 {"metadata":{"emulator":{"name":"functions"},"message":"[worker-us-central1-connectUserToStripe-57e85209-a763-47e1-a351-83743a238123]: Assigning socketPath: \\\\?\\pipe\\C:\\Users\\popco\\Desktop\\apps\\@madnesslabs\\madnessclub\\functions\\180468"}}
[debug] [2021-12-19T21:19:24.909Z] [worker-us-central1-connectUserToStripe-57e85209-a763-47e1-a351-83743a238123]: BUSY {"metadata":{"emulator":{"name":"functions"},"message":"[worker-us-central1-connectUserToStripe-57e85209-a763-47e1-a351-83743a238123]: BUSY"}}
[debug] [2021-12-19T21:19:24.924Z] [runtime-status] [180468] Trigger "us-central1-connectUserToStripe" has been found, beginning invocation! {"metadata":{"emulator":{"name":"functions"},"function":{"name":"us-central1-connectUserToStripe"},"message":"[runtime-status] [180468] Trigger \"us-central1-connectUserToStripe\" has been found, beginning invocation!"}}
[info] i  functions: Beginning execution of "us-central1-connectUserToStripe" {"metadata":{"emulator":{"name":"functions"},"function":{"name":"us-central1-connectUserToStripe"},"message":"Beginning execution of \"us-central1-connectUserToStripe\""}}
[debug] [2021-12-19T21:19:24.926Z] [runtime-status] [180468] triggerDefinition {"labels":{"deployment-callable":"true"},"httpsTrigger":{},"name":"connectUserToStripe","entryPoint":"connectUserToStripe","regions":["us-central1"],"region":"us-central1","id":"us-central1-connectUserToStripe"} {"metadata":{"emulator":{"name":"functions"},"function":{"name":"us-central1-connectUserToStripe"},"message":"[runtime-status] [180468] triggerDefinition {\"labels\":{\"deployment-callable\":\"true\"},\"httpsTrigger\":{},\"name\":\"connectUserToStripe\",\"entryPoint\":\"connectUserToStripe\",\"regions\":[\"us-central1\"],\"region\":\"us-central1\",\"id\":\"us-central1-connectUserToStripe\"}"}}
[debug] [2021-12-19T21:19:24.927Z] [runtime-status] [180468] Running us-central1-connectUserToStripe in signature http {"metadata":{"emulator":{"name":"functions"},"function":{"name":"us-central1-connectUserToStripe"},"message":"[runtime-status] [180468] Running us-central1-connectUserToStripe in signature http"}}
[debug] [2021-12-19T21:19:24.927Z] [runtime-status] [180468] Attempting to listen to socketPath: \\?\pipe\C:\Users\popco\Desktop\apps\@madnesslabs\madnessclub\functions\180468 {"metadata":{"emulator":{"name":"functions"},"function":{"name":"us-central1-connectUserToStripe"},"message":"[runtime-status] [180468] Attempting to listen to socketPath: \\\\?\\pipe\\C:\\Users\\popco\\Desktop\\apps\\@madnesslabs\\madnessclub\\functions\\180468"}}
[debug] [2021-12-19T21:19:24.929Z] [functions] Runtime ready! Sending request! {"metadata":{"emulator":{"name":"functions"},"message":"[functions] Runtime ready! Sending request!"}}
[debug] [2021-12-19T21:19:24.929Z] [functions] Got req.url=/madness-club/us-central1/connectUserToStripe, mapping to path=/ {"metadata":{"emulator":{"name":"functions"},"message":"[functions] Got req.url=/madness-club/us-central1/connectUserToStripe, mapping to path=/"}}
[debug] [2021-12-19T21:19:24.942Z] [runtime-status] [180468] Ephemeral server handling POST request {"metadata":{"emulator":{"name":"functions"},"function":{"name":"us-central1-connectUserToStripe"},"message":"[runtime-status] [180468] Ephemeral server handling POST request"}}
[info] >  {"verifications":{"app":"MISSING","auth":"MISSING"},"logging.googleapis.com/labels":{"firebase-log-type":"callable-request-verification"},"severity":"INFO","message":"Callable request verification passed"} {"user":{"verifications":{"app":"MISSING","auth":"MISSING"},"logging.googleapis.com/labels":{"firebase-log-type":"callable-request-verification"},"severity":"INFO","message":"Callable request verification passed"},"metadata":{"emulator":{"name":"functions"},"function":{"name":"us-central1-connectUserToStripe"},"message":"\u001b[90m> \u001b[39m {\"verifications\":{\"app\":\"MISSING\",\"auth\":\"MISSING\"},\"logging.googleapis.com/labels\":{\"firebase-log-type\":\"callable-request-verification\"},\"severity\":\"INFO\",\"message\":\"Callable request verification passed\"}"}}
[debug] [2021-12-19T21:19:24.945Z] [runtime-status] [180468] Callable functions auth override {"key":"x-callable-context-auth","value":"%7B%22uid%22%3A%22xIWmAGQDcEWLIKVsukHYxLVzIHxl%22%2C%22token%22%3A%7B%22email%22%3A%22bobby%40madnesslabs.net%22%2C%22email_verified%22%3Atrue%2C%22auth_time%22%3A1639948666%2C%22user_id%22%3A%22xIWmAGQDcEWLIKVsukHYxLVzIHxl%22%2C%22firebase%22%3A%7B%22identities%22%3A%7B%22email%22%3A%5B%22bobby%40madnesslabs.net%22%5D%7D%2C%22sign_in_provider%22%3A%22password%22%7D%2C%22iat%22%3A1639948761%2C%22exp%22%3A1639952361%2C%22aud%22%3A%22madness-club%22%2C%22iss%22%3A%22https%3A%2F%2Fsecuretoken.google.com%2Fmadness-club%22%2C%22sub%22%3A%22xIWmAGQDcEWLIKVsukHYxLVzIHxl%22%2C%22uid%22%3A%22xIWmAGQDcEWLIKVsukHYxLVzIHxl%22%7D%7D"} {"metadata":{"emulator":{"name":"functions"},"function":{"name":"us-central1-connectUserToStripe"},"message":"[runtime-status] [180468] Callable functions auth override {\"key\":\"x-callable-context-auth\",\"value\":\"%7B%22uid%22%3A%22xIWmAGQDcEWLIKVsukHYxLVzIHxl%22%2C%22token%22%3A%7B%22email%22%3A%22bobby%40madnesslabs.net%22%2C%22email_verified%22%3Atrue%2C%22auth_time%22%3A1639948666%2C%22user_id%22%3A%22xIWmAGQDcEWLIKVsukHYxLVzIHxl%22%2C%22firebase%22%3A%7B%22identities%22%3A%7B%22email%22%3A%5B%22bobby%40madnesslabs.net%22%5D%7D%2C%22sign_in_provider%22%3A%22password%22%7D%2C%22iat%22%3A1639948761%2C%22exp%22%3A1639952361%2C%22aud%22%3A%22madness-club%22%2C%22iss%22%3A%22https%3A%2F%2Fsecuretoken.google.com%2Fmadness-club%22%2C%22sub%22%3A%22xIWmAGQDcEWLIKVsukHYxLVzIHxl%22%2C%22uid%22%3A%22xIWmAGQDcEWLIKVsukHYxLVzIHxl%22%7D%7D\"}"}}
[debug] [2021-12-19T21:19:24.945Z] [runtime-status] [180468] initializeApp(DEFAULT) {"storageBucket":"madness-club.appspot.com","projectId":"madness-club"} {"metadata":{"emulator":{"name":"functions"},"function":{"name":"us-central1-connectUserToStripe"},"message":"[runtime-status] [180468] initializeApp(DEFAULT) {\"storageBucket\":\"madness-club.appspot.com\",\"projectId\":\"madness-club\"}"}}
[info] >  {"structuredData":true,"severity":"INFO","message":"Connecting user to Stripe."} {"user":{"structuredData":true,"severity":"INFO","message":"Connecting user to Stripe."},"metadata":{"emulator":{"name":"functions"},"function":{"name":"us-central1-connectUserToStripe"},"message":"\u001b[90m> \u001b[39m {\"structuredData\":true,\"severity\":\"INFO\",\"message\":\"Connecting user to Stripe.\"}"}}
[debug] [2021-12-19T21:19:25.487Z] [runtime-status] [180468] Ephemeral server survived. {"metadata":{"emulator":{"name":"functions"},"function":{"name":"us-central1-connectUserToStripe"},"message":"[runtime-status] [180468] Ephemeral server survived."}}
[info] i  functions: Finished "us-central1-connectUserToStripe" in ~1s {"metadata":{"emulator":{"name":"functions"},"function":{"name":"us-central1-connectUserToStripe"},"message":"Finished \"us-central1-connectUserToStripe\" in ~1s"}}
[debug] [2021-12-19T21:19:25.489Z] [worker-us-central1-connectUserToStripe-57e85209-a763-47e1-a351-83743a238123]: IDLE {"metadata":{"emulator":{"name":"functions"},"message":"[worker-us-central1-connectUserToStripe-57e85209-a763-47e1-a351-83743a238123]: IDLE"}}
[debug] [2021-12-19T21:19:25.490Z] [work-queue] {"queueLength":0,"workRunningCount":0}
